<?xml version="1.0" encoding="UTF-8" ?>
<testsuite errors="0" failures="0" hostname="ChanhNguyenPC" name="expressivo.grader.ExpressivoTest" skipped="0" tests="152" time="3.623" timestamp="2017-05-03T11:06:48">
  <properties>
    <property name="java.vendor" value="Oracle Corporation" />
    <property name="sun.java.launcher" value="SUN_STANDARD" />
    <property name="sun.management.compiler" value="HotSpot 64-Bit Tiered Compilers" />
    <property name="build.sysclasspath" value="ignore" />
    <property name="os.name" value="Windows 10" />
    <property name="sun.boot.class.path" value="C:\Program Files\Java\jdk1.8.0_121\jre\lib\resources.jar;C:\Program Files\Java\jdk1.8.0_121\jre\lib\rt.jar;C:\Program Files\Java\jdk1.8.0_121\jre\lib\sunrsasign.jar;C:\Program Files\Java\jdk1.8.0_121\jre\lib\jsse.jar;C:\Program Files\Java\jdk1.8.0_121\jre\lib\jce.jar;C:\Program Files\Java\jdk1.8.0_121\jre\lib\charsets.jar;C:\Program Files\Java\jdk1.8.0_121\jre\lib\jfr.jar;C:\Program Files\Java\jdk1.8.0_121\jre\classes" />
    <property name="sun.desktop" value="windows" />
    <property name="final.grading" value="true" />
    <property name="java.vm.specification.vendor" value="Oracle Corporation" />
    <property name="ant.home" value="C:\Users\Chanh Nguyen\.p2\pool\plugins\org.apache.ant_1.9.6.v201510161327" />
    <property name="java.runtime.version" value="1.8.0_121-b13" />
    <property name="user.name" value="chanhnguyen" />
    <property name="ant.build.javac.target" value="1.8" />
    <property name="user.language" value="en" />
    <property name="sun.boot.library.path" value="C:\Program Files\Java\jdk1.8.0_121\jre\bin" />
    <property name="grader.report.file" value="my-grader-report.xml" />
    <property name="ant.project.default-target" value="all" />
    <property name="java.version" value="1.8.0_121" />
    <property name="user.timezone" value="" />
    <property name="sun.arch.data.model" value="64" />
    <property name="java.endorsed.dirs" value="C:\Program Files\Java\jdk1.8.0_121\jre\lib\endorsed" />
    <property name="sun.cpu.isalist" value="amd64" />
    <property name="sun.jnu.encoding" value="Cp1252" />
    <property name="file.encoding.pkg" value="sun.io" />
    <property name="file.separator" value="\" />
    <property name="java.specification.name" value="Java Platform API Specification" />
    <property name="java.class.version" value="52.0" />
    <property name="user.country" value="US" />
    <property name="java.home" value="C:\Program Files\Java\jdk1.8.0_121\jre" />
    <property name="java.vm.info" value="mixed mode" />
    <property name="ant.file" value="C:\Users\Chanh Nguyen\workspace\ps1-expressivo\grader.xml" />
    <property name="os.version" value="10.0" />
    <property name="final.grader.jar" value="ps1-final-grader.jar" />
    <property name="path.separator" value=";" />
    <property name="java.vm.version" value="25.121-b13" />
    <property name="user.variant" value="" />
    <property name="ant.library.dir" value="C:\Users\Chanh Nguyen\.p2\pool\plugins\org.apache.ant_1.9.6.v201510161327\lib" />
    <property name="java.awt.printerjob" value="sun.awt.windows.WPrinterJob" />
    <property name="sun.io.unicode.encoding" value="UnicodeLittle" />
    <property name="awt.toolkit" value="sun.awt.windows.WToolkit" />
    <property name="user.script" value="" />
    <property name="user.home" value="C:\Users\Chanh Nguyen" />
    <property name="java.specification.vendor" value="Oracle Corporation" />
    <property name="which.tests.ran" value="BETA + FINAL" />
    <property name="java.library.path" value="C:\Program Files\Java\jdk1.8.0_121\jre\bin;C:\WINDOWS\Sun\Java\bin;C:\WINDOWS\system32;C:\WINDOWS;C:/Program Files/Java/jdk1.8.0_121/jre/bin/server;C:/Program Files/Java/jdk1.8.0_121/jre/bin;C:/Program Files/Java/jdk1.8.0_121/jre/lib/amd64;C:\Program Files\Java\apache-maven-3.3.9\bin;C:\Program Files (x86)\NVIDIA Corporation\PhysX\Common;C:\WINDOWS\system32;C:\WINDOWS;C:\WINDOWS\System32\Wbem;C:\WINDOWS\System32\WindowsPowerShell\v1.0\;C:\Program Files\Microsoft SQL Server\120\DTS\Binn\;C:\Program Files\Microsoft SQL Server\Client SDK\ODBC\110\Tools\Binn\;C:\Program Files (x86)\Microsoft SQL Server\120\Tools\Binn\;C:\Program Files\Microsoft SQL Server\120\Tools\Binn\;C:\Program Files (x86)\Microsoft SQL Server\120\Tools\Binn\ManagementStudio\;C:\Program Files (x86)\Microsoft SQL Server\120\DTS\Binn\;C:\Program Files (x86)\Brackets\command;C:\Program Files\nodejs\;C:\Program Files\Git\cmd;C:\Program Files\Java\jdk1.8.0_121\bin;C:\Users\Chanh Nguyen\AppData\Local\Programs\Python\Python36-32\Scripts\;C:\Users\Chanh Nguyen\AppData\Local\Programs\Python\Python36-32\;C:\Users\Chanh Nguyen\Anaconda3;C:\Users\Chanh Nguyen\Anaconda3\Scripts;C:\Users\Chanh Nguyen\Anaconda3\Library\bin;C:\Users\Chanh Nguyen\AppData\Local\Microsoft\WindowsApps;C:\Users\Chanh Nguyen\AppData\Roaming\npm;C:\WINDOWS\system32;;." />
    <property name="java.vendor.url" value="http://java.oracle.com/" />
    <property name="java.vm.vendor" value="Oracle Corporation" />
    <property name="java.runtime.name" value="Java(TM) SE Runtime Environment" />
    <property name="beta.grader.jar" value="ps1-beta-grader.jar" />
    <property name="sun.java.command" value="org.apache.tools.ant.taskdefs.optional.junit.JUnitTestRunner expressivo.grader.ExpressivoTest skipNonTests=false filtertrace=true haltOnError=false haltOnFailure=false showoutput=false outputtoformatters=true logfailedtests=true threadid=0 logtestlistenerevents=false formatter=org.apache.tools.ant.taskdefs.optional.junit.XMLJUnitResultFormatter,C:\Users\Chanh Nguyen\workspace\ps1-expressivo\.grader\TEST-expressivo.grader.ExpressivoTest.xml crashfile=C:\Users\Chanh Nguyen\workspace\ps1-expressivo\.grader\junitvmwatcher2124818110262475890.properties propsfile=C:\Users\Chanh Nguyen\workspace\ps1-expressivo\.grader\junit1088419838832012206.properties" />
    <property name="java.class.path" value="C:\Users\Chanh Nguyen\workspace\ps1-expressivo\lib\junit-4.12.jar;C:\Users\Chanh Nguyen\workspace\ps1-expressivo\lib\hamcrest-core-1.3.jar;C:\Users\Chanh Nguyen\workspace\ps1-expressivo\lib\parserlib.jar;C:\Users\Chanh Nguyen\workspace\ps1-expressivo\.grader\bin-tests-final;C:\Users\Chanh Nguyen\workspace\ps1-expressivo\.grader\bin-student;C:\Users\Chanh Nguyen\.p2\pool\plugins\org.apache.ant_1.9.6.v201510161327\lib\ant-launcher.jar;C:\Users\Chanh Nguyen\.p2\pool\plugins\org.apache.ant_1.9.6.v201510161327\lib\ant.jar;C:\Users\Chanh Nguyen\.p2\pool\plugins\org.apache.ant_1.9.6.v201510161327\lib\ant-junit.jar;C:\Users\Chanh Nguyen\.p2\pool\plugins\org.apache.ant_1.9.6.v201510161327\lib\ant-junit4.jar" />
    <property name="ant.version" value="Apache Ant(TM) version 1.9.6 compiled on June 29 2015" />
    <property name="project.name" value="ps1-expressivo" />
    <property name="java.vm.specification.name" value="Java Virtual Machine Specification" />
    <property name="java.vm.specification.version" value="1.8" />
    <property name="sun.cpu.endian" value="little" />
    <property name="didit.desc" value="Running our tests against your implementation" />
    <property name="sun.os.patch.level" value="" />
    <property name="java.io.tmpdir" value="C:\Users\CHANHN~1\AppData\Local\Temp\" />
    <property name="java.vendor.url.bug" value="http://bugreport.sun.com/bugreport/" />
    <property name="os.arch" value="amd64" />
    <property name="java.awt.graphicsenv" value="sun.awt.Win32GraphicsEnvironment" />
    <property name="java.ext.dirs" value="C:\Program Files\Java\jdk1.8.0_121\jre\lib\ext;C:\WINDOWS\Sun\Java\lib\ext" />
    <property name="user.dir" value="C:\Users\Chanh Nguyen\workspace\ps1-expressivo" />
    <property name="line.separator" value="&#xd;&#xa;" />
    <property name="zipfile" value="my-submission.zip" />
    <property name="java.vm.name" value="Java HotSpot(TM) 64-Bit Server VM" />
    <property name="problem.set" value="ps1" />
    <property name="basedir" value="C:\Users\Chanh Nguyen\workspace\ps1-expressivo" />
    <property name="ant.java.version" value="1.8" />
    <property name="ant.core.lib" value="C:\Users\Chanh Nguyen\.p2\pool\plugins\org.apache.ant_1.9.6.v201510161327\lib\ant.jar" />
    <property name="file.encoding" value="Cp1252" />
    <property name="java.specification.version" value="1.8" />
    <property name="grader.dir" value=".grader" />
    <property name="ant.project.invoked-targets" value="all" />
  </properties>
  <testcase classname="expressivo.grader.ExpressivoTest" name="testDifferentiate_dx[zero]" time="0.284" />
  <testcase classname="expressivo.grader.ExpressivoTest" name="testDifferentiate_dy[zero]" time="0.045" />
  <testcase classname="expressivo.grader.ExpressivoTest" name="testParse[zero]" time="0.038" />
  <testcase classname="expressivo.grader.ExpressivoTest" name="testSimplify_xyz[zero]" time="0.025" />
  <testcase classname="expressivo.grader.ExpressivoTest" name="testDifferentiate_dx[nonzero integer]" time="0.034" />
  <testcase classname="expressivo.grader.ExpressivoTest" name="testDifferentiate_dy[nonzero integer]" time="0.02" />
  <testcase classname="expressivo.grader.ExpressivoTest" name="testParse[nonzero integer]" time="0.027" />
  <testcase classname="expressivo.grader.ExpressivoTest" name="testSimplify_xyz[nonzero integer]" time="0.026" />
  <testcase classname="expressivo.grader.ExpressivoTest" name="testDifferentiate_dx[decimal-fraction &lt; 1]" time="0.024" />
  <testcase classname="expressivo.grader.ExpressivoTest" name="testDifferentiate_dy[decimal-fraction &lt; 1]" time="0.03" />
  <testcase classname="expressivo.grader.ExpressivoTest" name="testParse[decimal-fraction &lt; 1]" time="0.042" />
  <testcase classname="expressivo.grader.ExpressivoTest" name="testSimplify_xyz[decimal-fraction &lt; 1]" time="0.022" />
  <testcase classname="expressivo.grader.ExpressivoTest" name="testDifferentiate_dx[decimal-fraction &gt; 1]" time="0.021" />
  <testcase classname="expressivo.grader.ExpressivoTest" name="testDifferentiate_dy[decimal-fraction &gt; 1]" time="0.028" />
  <testcase classname="expressivo.grader.ExpressivoTest" name="testParse[decimal-fraction &gt; 1]" time="0.023" />
  <testcase classname="expressivo.grader.ExpressivoTest" name="testSimplify_xyz[decimal-fraction &gt; 1]" time="0.023" />
  <testcase classname="expressivo.grader.ExpressivoTest" name="testDifferentiate_dx[trailing zeros]" time="0.023" />
  <testcase classname="expressivo.grader.ExpressivoTest" name="testDifferentiate_dy[trailing zeros]" time="0.022" />
  <testcase classname="expressivo.grader.ExpressivoTest" name="testParse[trailing zeros]" time="0.027" />
  <testcase classname="expressivo.grader.ExpressivoTest" name="testSimplify_xyz[trailing zeros]" time="0.027" />
  <testcase classname="expressivo.grader.ExpressivoTest" name="testDifferentiate_dx[no leading zero]" time="0.027" />
  <testcase classname="expressivo.grader.ExpressivoTest" name="testDifferentiate_dy[no leading zero]" time="0.028" />
  <testcase classname="expressivo.grader.ExpressivoTest" name="testParse[no leading zero]" time="0.02" />
  <testcase classname="expressivo.grader.ExpressivoTest" name="testSimplify_xyz[no leading zero]" time="0.025" />
  <testcase classname="expressivo.grader.ExpressivoTest" name="testDifferentiate_dx[decimal-fraction very small]" time="0.018" />
  <testcase classname="expressivo.grader.ExpressivoTest" name="testDifferentiate_dy[decimal-fraction very small]" time="0.016" />
  <testcase classname="expressivo.grader.ExpressivoTest" name="testParse[decimal-fraction very small]" time="0.018" />
  <testcase classname="expressivo.grader.ExpressivoTest" name="testSimplify_xyz[decimal-fraction very small]" time="0.022" />
  <testcase classname="expressivo.grader.ExpressivoTest" name="testDifferentiate_dx[integer very large]" time="0.014" />
  <testcase classname="expressivo.grader.ExpressivoTest" name="testDifferentiate_dy[integer very large]" time="0.017" />
  <testcase classname="expressivo.grader.ExpressivoTest" name="testParse[integer very large]" time="0.035" />
  <testcase classname="expressivo.grader.ExpressivoTest" name="testSimplify_xyz[integer very large]" time="0.015" />
  <testcase classname="expressivo.grader.ExpressivoTest" name="testDifferentiate_dx[x]" time="0.014" />
  <testcase classname="expressivo.grader.ExpressivoTest" name="testDifferentiate_dy[x]" time="0.014" />
  <testcase classname="expressivo.grader.ExpressivoTest" name="testParse[x]" time="0.013" />
  <testcase classname="expressivo.grader.ExpressivoTest" name="testSimplify_xyz[x]" time="0.015" />
  <testcase classname="expressivo.grader.ExpressivoTest" name="testDifferentiate_dx[y]" time="0.015" />
  <testcase classname="expressivo.grader.ExpressivoTest" name="testDifferentiate_dy[y]" time="0.021" />
  <testcase classname="expressivo.grader.ExpressivoTest" name="testParse[y]" time="0.017" />
  <testcase classname="expressivo.grader.ExpressivoTest" name="testSimplify_xyz[y]" time="0.018" />
  <testcase classname="expressivo.grader.ExpressivoTest" name="testDifferentiate_dx[other variable]" time="0.014" />
  <testcase classname="expressivo.grader.ExpressivoTest" name="testDifferentiate_dy[other variable]" time="0.018" />
  <testcase classname="expressivo.grader.ExpressivoTest" name="testParse[other variable]" time="0.02" />
  <testcase classname="expressivo.grader.ExpressivoTest" name="testSimplify_xyz[other variable]" time="0.019" />
  <testcase classname="expressivo.grader.ExpressivoTest" name="testDifferentiate_dx[variable with parens]" time="0.013" />
  <testcase classname="expressivo.grader.ExpressivoTest" name="testDifferentiate_dy[variable with parens]" time="0.007" />
  <testcase classname="expressivo.grader.ExpressivoTest" name="testParse[variable with parens]" time="0.008" />
  <testcase classname="expressivo.grader.ExpressivoTest" name="testSimplify_xyz[variable with parens]" time="0.009" />
  <testcase classname="expressivo.grader.ExpressivoTest" name="testDifferentiate_dx[variable with extra parens]" time="0.01" />
  <testcase classname="expressivo.grader.ExpressivoTest" name="testDifferentiate_dy[variable with extra parens]" time="0.009" />
  <testcase classname="expressivo.grader.ExpressivoTest" name="testParse[variable with extra parens]" time="0.008" />
  <testcase classname="expressivo.grader.ExpressivoTest" name="testSimplify_xyz[variable with extra parens]" time="0.009" />
  <testcase classname="expressivo.grader.ExpressivoTest" name="testDifferentiate_dx[add]" time="0.015" />
  <testcase classname="expressivo.grader.ExpressivoTest" name="testDifferentiate_dy[add]" time="0.009" />
  <testcase classname="expressivo.grader.ExpressivoTest" name="testParse[add]" time="0.008" />
  <testcase classname="expressivo.grader.ExpressivoTest" name="testSimplify_xyz[add]" time="0.013" />
  <testcase classname="expressivo.grader.ExpressivoTest" name="testDifferentiate_dx[add with extra parens]" time="0.018" />
  <testcase classname="expressivo.grader.ExpressivoTest" name="testDifferentiate_dy[add with extra parens]" time="0.015" />
  <testcase classname="expressivo.grader.ExpressivoTest" name="testParse[add with extra parens]" time="0.017" />
  <testcase classname="expressivo.grader.ExpressivoTest" name="testSimplify_xyz[add with extra parens]" time="0.009" />
  <testcase classname="expressivo.grader.ExpressivoTest" name="testDifferentiate_dx[times]" time="0.022" />
  <testcase classname="expressivo.grader.ExpressivoTest" name="testDifferentiate_dy[times]" time="0.011" />
  <testcase classname="expressivo.grader.ExpressivoTest" name="testParse[times]" time="0.01" />
  <testcase classname="expressivo.grader.ExpressivoTest" name="testSimplify_xyz[times]" time="0.015" />
  <testcase classname="expressivo.grader.ExpressivoTest" name="testDifferentiate_dx[times with extra parens]" time="0.012" />
  <testcase classname="expressivo.grader.ExpressivoTest" name="testDifferentiate_dy[times with extra parens]" time="0.012" />
  <testcase classname="expressivo.grader.ExpressivoTest" name="testParse[times with extra parens]" time="0.009" />
  <testcase classname="expressivo.grader.ExpressivoTest" name="testSimplify_xyz[times with extra parens]" time="0.011" />
  <testcase classname="expressivo.grader.ExpressivoTest" name="testDifferentiate_dx[* ( * )]" time="0.017" />
  <testcase classname="expressivo.grader.ExpressivoTest" name="testDifferentiate_dy[* ( * )]" time="0.015" />
  <testcase classname="expressivo.grader.ExpressivoTest" name="testParse[* ( * )]" time="0.016" />
  <testcase classname="expressivo.grader.ExpressivoTest" name="testSimplify_xyz[* ( * )]" time="0.016" />
  <testcase classname="expressivo.grader.ExpressivoTest" name="testDifferentiate_dx[( * ) *]" time="0.019" />
  <testcase classname="expressivo.grader.ExpressivoTest" name="testDifferentiate_dy[( * ) *]" time="0.022" />
  <testcase classname="expressivo.grader.ExpressivoTest" name="testParse[( * ) *]" time="0.029" />
  <testcase classname="expressivo.grader.ExpressivoTest" name="testSimplify_xyz[( * ) *]" time="0.018" />
  <testcase classname="expressivo.grader.ExpressivoTest" name="testDifferentiate_dx[( * ) * ( * )]" time="0.022" />
  <testcase classname="expressivo.grader.ExpressivoTest" name="testDifferentiate_dy[( * ) * ( * )]" time="0.016" />
  <testcase classname="expressivo.grader.ExpressivoTest" name="testParse[( * ) * ( * )]" time="0.014" />
  <testcase classname="expressivo.grader.ExpressivoTest" name="testSimplify_xyz[( * ) * ( * )]" time="0.013" />
  <testcase classname="expressivo.grader.ExpressivoTest" name="testDifferentiate_dx[* * * * *]" time="0.017" />
  <testcase classname="expressivo.grader.ExpressivoTest" name="testDifferentiate_dy[* * * * *]" time="0.015" />
  <testcase classname="expressivo.grader.ExpressivoTest" name="testParse[* * * * *]" time="0.01" />
  <testcase classname="expressivo.grader.ExpressivoTest" name="testSimplify_xyz[* * * * *]" time="0.008" />
  <testcase classname="expressivo.grader.ExpressivoTest" name="testDifferentiate_dx[integers add]" time="0.009" />
  <testcase classname="expressivo.grader.ExpressivoTest" name="testDifferentiate_dy[integers add]" time="0.009" />
  <testcase classname="expressivo.grader.ExpressivoTest" name="testParse[integers add]" time="0.01" />
  <testcase classname="expressivo.grader.ExpressivoTest" name="testSimplify_xyz[integers add]" time="0.007" />
  <testcase classname="expressivo.grader.ExpressivoTest" name="testDifferentiate_dx[integers times]" time="0.008" />
  <testcase classname="expressivo.grader.ExpressivoTest" name="testDifferentiate_dy[integers times]" time="0.008" />
  <testcase classname="expressivo.grader.ExpressivoTest" name="testParse[integers times]" time="0.007" />
  <testcase classname="expressivo.grader.ExpressivoTest" name="testSimplify_xyz[integers times]" time="0.008" />
  <testcase classname="expressivo.grader.ExpressivoTest" name="testDifferentiate_dx[integers with various ops]" time="0.001" />
  <testcase classname="expressivo.grader.ExpressivoTest" name="testDifferentiate_dy[integers with various ops]" time="0.0" />
  <testcase classname="expressivo.grader.ExpressivoTest" name="testParse[integers with various ops]" time="0.015" />
  <testcase classname="expressivo.grader.ExpressivoTest" name="testSimplify_xyz[integers with various ops]" time="0.012" />
  <testcase classname="expressivo.grader.ExpressivoTest" name="testDifferentiate_dx[decimal-fractions add]" time="0.013" />
  <testcase classname="expressivo.grader.ExpressivoTest" name="testDifferentiate_dy[decimal-fractions add]" time="0.012" />
  <testcase classname="expressivo.grader.ExpressivoTest" name="testParse[decimal-fractions add]" time="0.012" />
  <testcase classname="expressivo.grader.ExpressivoTest" name="testSimplify_xyz[decimal-fractions add]" time="0.011" />
  <testcase classname="expressivo.grader.ExpressivoTest" name="testDifferentiate_dx[decimal-fractions times]" time="0.009" />
  <testcase classname="expressivo.grader.ExpressivoTest" name="testDifferentiate_dy[decimal-fractions times]" time="0.009" />
  <testcase classname="expressivo.grader.ExpressivoTest" name="testParse[decimal-fractions times]" time="0.008" />
  <testcase classname="expressivo.grader.ExpressivoTest" name="testSimplify_xyz[decimal-fractions times]" time="0.009" />
  <testcase classname="expressivo.grader.ExpressivoTest" name="testDifferentiate_dx[decimal-fractions with various ops]" time="0.008" />
  <testcase classname="expressivo.grader.ExpressivoTest" name="testDifferentiate_dy[decimal-fractions with various ops]" time="0.007" />
  <testcase classname="expressivo.grader.ExpressivoTest" name="testParse[decimal-fractions with various ops]" time="0.008" />
  <testcase classname="expressivo.grader.ExpressivoTest" name="testSimplify_xyz[decimal-fractions with various ops]" time="0.009" />
  <testcase classname="expressivo.grader.ExpressivoTest" name="testDifferentiate_dx[decimal-fractions integers add]" time="0.01" />
  <testcase classname="expressivo.grader.ExpressivoTest" name="testDifferentiate_dy[decimal-fractions integers add]" time="0.007" />
  <testcase classname="expressivo.grader.ExpressivoTest" name="testParse[decimal-fractions integers add]" time="0.01" />
  <testcase classname="expressivo.grader.ExpressivoTest" name="testSimplify_xyz[decimal-fractions integers add]" time="0.009" />
  <testcase classname="expressivo.grader.ExpressivoTest" name="testDifferentiate_dx[decimal-fractions integers times]" time="0.009" />
  <testcase classname="expressivo.grader.ExpressivoTest" name="testDifferentiate_dy[decimal-fractions integers times]" time="0.008" />
  <testcase classname="expressivo.grader.ExpressivoTest" name="testParse[decimal-fractions integers times]" time="0.008" />
  <testcase classname="expressivo.grader.ExpressivoTest" name="testSimplify_xyz[decimal-fractions integers times]" time="0.016" />
  <testcase classname="expressivo.grader.ExpressivoTest" name="testDifferentiate_dx[decimal-fractions integers with various ops]" time="0.0" />
  <testcase classname="expressivo.grader.ExpressivoTest" name="testDifferentiate_dy[decimal-fractions integers with various ops]" time="0.0" />
  <testcase classname="expressivo.grader.ExpressivoTest" name="testParse[decimal-fractions integers with various ops]" time="0.016" />
  <testcase classname="expressivo.grader.ExpressivoTest" name="testSimplify_xyz[decimal-fractions integers with various ops]" time="0.015" />
  <testcase classname="expressivo.grader.ExpressivoTest" name="testDifferentiate_dx[various variable names]" time="0.014" />
  <testcase classname="expressivo.grader.ExpressivoTest" name="testDifferentiate_dy[various variable names]" time="0.014" />
  <testcase classname="expressivo.grader.ExpressivoTest" name="testParse[various variable names]" time="0.013" />
  <testcase classname="expressivo.grader.ExpressivoTest" name="testSimplify_xyz[various variable names]" time="0.022" />
  <testcase classname="expressivo.grader.ExpressivoTest" name="testDifferentiate_dx[nested left]" time="0.001" />
  <testcase classname="expressivo.grader.ExpressivoTest" name="testDifferentiate_dy[nested left]" time="0.001" />
  <testcase classname="expressivo.grader.ExpressivoTest" name="testParse[nested left]" time="0.021" />
  <testcase classname="expressivo.grader.ExpressivoTest" name="testSimplify_xyz[nested left]" time="0.016" />
  <testcase classname="expressivo.grader.ExpressivoTest" name="testDifferentiate_dx[nested center]" time="0.0" />
  <testcase classname="expressivo.grader.ExpressivoTest" name="testDifferentiate_dy[nested center]" time="0.0" />
  <testcase classname="expressivo.grader.ExpressivoTest" name="testParse[nested center]" time="0.014" />
  <testcase classname="expressivo.grader.ExpressivoTest" name="testSimplify_xyz[nested center]" time="0.022" />
  <testcase classname="expressivo.grader.ExpressivoTest" name="testDifferentiate_dx[nested right]" time="0.0" />
  <testcase classname="expressivo.grader.ExpressivoTest" name="testDifferentiate_dy[nested right]" time="0.0" />
  <testcase classname="expressivo.grader.ExpressivoTest" name="testParse[nested right]" time="0.012" />
  <testcase classname="expressivo.grader.ExpressivoTest" name="testSimplify_xyz[nested right]" time="0.016" />
  <testcase classname="expressivo.grader.ExpressivoTest" name="testDifferentiate_dx[nested balanced]" time="0.0" />
  <testcase classname="expressivo.grader.ExpressivoTest" name="testDifferentiate_dy[nested balanced]" time="0.0" />
  <testcase classname="expressivo.grader.ExpressivoTest" name="testParse[nested balanced]" time="0.012" />
  <testcase classname="expressivo.grader.ExpressivoTest" name="testSimplify_xyz[nested balanced]" time="0.021" />
  <testcase classname="expressivo.grader.ExpressivoTest" name="testDifferentiate_dx[polynomial in x/y/z]" time="0.0" />
  <testcase classname="expressivo.grader.ExpressivoTest" name="testDifferentiate_dy[polynomial in x/y/z]" time="0.001" />
  <testcase classname="expressivo.grader.ExpressivoTest" name="testParse[polynomial in x/y/z]" time="0.018" />
  <testcase classname="expressivo.grader.ExpressivoTest" name="testSimplify_xyz[polynomial in x/y/z]" time="0.021" />
  <testcase classname="expressivo.grader.ExpressivoTest" name="testDifferentiate_dx[polynomial in x/y/z with extra parens]" time="0.0" />
  <testcase classname="expressivo.grader.ExpressivoTest" name="testDifferentiate_dy[polynomial in x/y/z with extra parens]" time="0.004" />
  <testcase classname="expressivo.grader.ExpressivoTest" name="testParse[polynomial in x/y/z with extra parens]" time="0.025" />
  <testcase classname="expressivo.grader.ExpressivoTest" name="testSimplify_xyz[polynomial in x/y/z with extra parens]" time="0.025" />
  <testcase classname="expressivo.grader.ExpressivoTest" name="testDifferentiate_dx[polynomial in x/y/z and various other variables]" time="0.0" />
  <testcase classname="expressivo.grader.ExpressivoTest" name="testDifferentiate_dy[polynomial in x/y/z and various other variables]" time="0.0" />
  <testcase classname="expressivo.grader.ExpressivoTest" name="testParse[polynomial in x/y/z and various other variables]" time="0.035" />
  <testcase classname="expressivo.grader.ExpressivoTest" name="testSimplify_xyz[polynomial in x/y/z and various other variables]" time="0.026" />
  <system-out><![CDATA[]]></system-out>
  <system-err><![CDATA[]]></system-err>
</testsuite>
